pip install --user -e .
Obtaining file:///Users/nguyenka/QuantumTransport
  Preparing metadata (setup.py) ... done
Collecting ase>=3.22.1 (from QuantumTransport==0.1)
  Downloading ase-3.23.0-py3-none-any.whl.metadata (3.8 kB)
Collecting cclib>=1.7.1 (from QuantumTransport==0.1)
  Downloading cclib-1.8.1-py3-none-any.whl.metadata (4.7 kB)
Requirement already satisfied: matplotlib in /opt/anaconda3/lib/python3.12/site-packages (from QuantumTransport==0.1) (3.8.4)
Collecting munch>=2.5.0 (from QuantumTransport==0.1)
  Downloading munch-4.0.0-py2.py3-none-any.whl.metadata (5.9 kB)
Requirement already satisfied: numpy>=1.19.5 in /opt/anaconda3/lib/python3.12/site-packages (from QuantumTransport==0.1) (1.26.4)
Requirement already satisfied: scipy>=1.6.0 in /opt/anaconda3/lib/python3.12/site-packages (from ase>=3.22.1->QuantumTransport==0.1) (1.13.1)
Requirement already satisfied: packaging>=19.0 in /opt/anaconda3/lib/python3.12/site-packages (from cclib>=1.7.1->QuantumTransport==0.1) (23.2)
Collecting periodictable (from cclib>=1.7.1->QuantumTransport==0.1)
  Downloading periodictable-1.7.1.tar.gz (1.0 MB)
     ━━━━━━━━━━━━━━━━━━━━━━━━━━━━━━━━━━━━━━━━ 1.0/1.0 MB 10.2 MB/s eta 0:00:00
  Preparing metadata (setup.py) ... done
Requirement already satisfied: contourpy>=1.0.1 in /opt/anaconda3/lib/python3.12/site-packages (from matplotlib->QuantumTransport==0.1) (1.2.0)
Requirement already satisfied: cycler>=0.10 in /opt/anaconda3/lib/python3.12/site-packages (from matplotlib->QuantumTransport==0.1) (0.11.0)
Requirement already satisfied: fonttools>=4.22.0 in /opt/anaconda3/lib/python3.12/site-packages (from matplotlib->QuantumTransport==0.1) (4.51.0)
Requirement already satisfied: kiwisolver>=1.3.1 in /opt/anaconda3/lib/python3.12/site-packages (from matplotlib->QuantumTransport==0.1) (1.4.4)
Requirement already satisfied: pillow>=8 in /opt/anaconda3/lib/python3.12/site-packages (from matplotlib->QuantumTransport==0.1) (10.3.0)
Requirement already satisfied: pyparsing>=2.3.1 in /opt/anaconda3/lib/python3.12/site-packages (from matplotlib->QuantumTransport==0.1) (3.0.9)
Requirement already satisfied: python-dateutil>=2.7 in /opt/anaconda3/lib/python3.12/site-packages (from matplotlib->QuantumTransport==0.1) (2.9.0.post0)
Requirement already satisfied: six>=1.5 in /opt/anaconda3/lib/python3.12/site-packages (from python-dateutil>=2.7->matplotlib->QuantumTransport==0.1) (1.16.0)
Downloading ase-3.23.0-py3-none-any.whl (2.9 MB)
   ━━━━━━━━━━━━━━━━━━━━━━━━━━━━━━━━━━━━━━━━ 2.9/2.9 MB 18.1 MB/s eta 0:00:00
Downloading cclib-1.8.1-py3-none-any.whl (353 kB)
   ━━━━━━━━━━━━━━━━━━━━━━━━━━━━━━━━━━━━━━━━ 353.6/353.6 kB 19.1 MB/s eta 0:00:00
Downloading munch-4.0.0-py2.py3-none-any.whl (9.9 kB)
Building wheels for collected packages: periodictable
  Building wheel for periodictable (setup.py) ... done
  Created wheel for periodictable: filename=periodictable-1.7.1-py3-none-any.whl size=752511 sha256=580225e0aab52132c3c4248839d46ce426d618d17fa9f57fbc462cd7de3c4f8a
  Stored in directory: /Users/nguyenka/Library/Caches/pip/wheels/4f/94/e5/f8240ffdf54ce73b9e00aa7cd66bfee4814211b5a2b0f27213
Successfully built periodictable
Installing collected packages: periodictable, munch, cclib, ase, QuantumTransport
  WARNING: The scripts ccframe, ccget, ccwrite and cda are installed in '/Users/nguyenka/.local/bin' which is not on PATH.
  Consider adding this directory to PATH or, if you prefer to suppress this warning, use --no-warn-script-location.
  WARNING: The script ase is installed in '/Users/nguyenka/.local/bin' which is not on PATH.
  Consider adding this directory to PATH or, if you prefer to suppress this warning, use --no-warn-script-location.
  Running setup.py develop for QuantumTransport
Successfully installed QuantumTransport-0.1 ase-3.23.0 cclib-1.8.1 munch-4.0.0 periodictable-1.7.1

