----------------------------------------------------------------
Program to calculate electron spin polarization and transmission
----------------------------------------------------------------
Partitionng the system into three regions based on Au atoms:
left electrode: 9 atoms
central region: 40 atoms
right electrode: 9 atoms
Note:
The first and last sets of heavy atoms are assummed be on left and right
electrodes, respectively.

Basis functions for the partitioned Hamiltonian/overlap matrix:
---------------------------------------------------------------
Left electrode: 198
Central: 279
Right electrode: 198
Total: 675

Default input parameters for electron transport:
------------------------------------------------
Local density of states constant (cLDOS): 0.0360
Fermi enegy: -5.00 eV
Scanning energy range from -7.00 to -2.00 eV.
Stepsize of 0.01 eV.

Electron transport w/o spin-orbit coupling for a radical system
---------------------------------------------------------------
# E-Efermi, percentage polarization,Tuu,Tdd,Tdu,Tud
 -2.00 -1.21911244  9.05994e-01  9.28357e-01  0.00000e+00  0.00000e+00
 -1.99 -1.39464191  8.77200e-01  9.02013e-01  0.00000e+00  0.00000e+00
 -1.98 -1.53502343  8.46530e-01  8.72924e-01  0.00000e+00  0.00000e+00
 -1.97 -1.64237745  8.14669e-01  8.41876e-01  0.00000e+00  0.00000e+00
 -1.96 -1.71942186  7.82225e-01  8.09596e-01  0.00000e+00  0.00000e+00
 -1.95 -1.76923118  7.49720e-01  7.76726e-01  0.00000e+00  0.00000e+00
 -1.94 -1.79502888  7.17584e-01  7.43817e-01  0.00000e+00  0.00000e+00
 -1.93 -1.80002199  6.86161e-01  7.11316e-01  0.00000e+00  0.00000e+00
 -1.92 -1.78727954  6.55712e-01  6.79578e-01  0.00000e+00  0.00000e+00
 -1.91 -1.75965120  6.26430e-01  6.48871e-01  0.00000e+00  0.00000e+00
 -1.90 -1.71971988  5.98445e-01  6.19388e-01  0.00000e+00  0.00000e+00
 -1.89 -1.66978073  5.71836e-01  5.91257e-01  0.00000e+00  0.00000e+00
 -1.88 -1.61183973  5.46643e-01  5.64554e-01  0.00000e+00  0.00000e+00
 -1.87 -1.54762546  5.22876e-01  5.39315e-01  0.00000e+00  0.00000e+00
 -1.86 -1.47860909  5.00517e-01  5.15540e-01  0.00000e+00  0.00000e+00
 -1.85 -1.40602888  4.79533e-01  4.93210e-01  0.00000e+00  0.00000e+00
 -1.84 -1.33091638  4.59878e-01  4.72284e-01  0.00000e+00  0.00000e+00
 -1.83 -1.25412241  4.41496e-01  4.52711e-01  0.00000e+00  0.00000e+00
 -1.82 -1.17634173  4.24329e-01  4.34431e-01  0.00000e+00  0.00000e+00
 -1.81 -1.09813575  4.08313e-01  4.17380e-01  0.00000e+00  0.00000e+00
 -1.80 -1.01995283  3.93385e-01  4.01492e-01  0.00000e+00  0.00000e+00
 -1.79 -0.94214617  3.79482e-01  3.86701e-01  0.00000e+00  0.00000e+00
 -1.78 -0.86498943  3.66544e-01  3.72941e-01  0.00000e+00  0.00000e+00
 -1.77 -0.78869005  3.54513e-01  3.60149e-01  0.00000e+00  0.00000e+00
 -1.76 -0.71340071  3.43331e-01  3.48265e-01  0.00000e+00  0.00000e+00
 -1.75 -0.63922892  3.32947e-01  3.37231e-01  0.00000e+00  0.00000e+00
 -1.74 -0.56624519  3.23312e-01  3.26994e-01  0.00000e+00  0.00000e+00
 -1.73 -0.49448975  3.14379e-01  3.17504e-01  0.00000e+00  0.00000e+00
 -1.72 -0.42397825  3.06106e-01  3.08713e-01  0.00000e+00  0.00000e+00
 -1.71 -0.35470642  2.98453e-01  3.00578e-01  0.00000e+00  0.00000e+00
 -1.70 -0.28665396  2.91384e-01  2.93059e-01  0.00000e+00  0.00000e+00
 -1.69 -0.21978772  2.84865e-01  2.86120e-01  0.00000e+00  0.00000e+00
 -1.68 -0.15406429  2.78867e-01  2.79727e-01  0.00000e+00  0.00000e+00
 -1.67 -0.08943217  2.73360e-01  2.73850e-01  0.00000e+00  0.00000e+00
 -1.66 -0.02583350  2.68321e-01  2.68459e-01  0.00000e+00  0.00000e+00
 -1.65  0.03679454  2.63725e-01  2.63531e-01  0.00000e+00  0.00000e+00
 -1.64  0.09851863  2.59553e-01  2.59042e-01  0.00000e+00  0.00000e+00
 -1.63  0.15940836  2.55787e-01  2.54972e-01  0.00000e+00  0.00000e+00
 -1.62  0.21953552  2.52409e-01  2.51303e-01  0.00000e+00  0.00000e+00
 -1.61  0.27897360  2.49405e-01  2.48017e-01  0.00000e+00  0.00000e+00
 -1.60  0.33779727  2.46763e-01  2.45102e-01  0.00000e+00  0.00000e+00
 -1.59  0.39608213  2.44473e-01  2.42544e-01  0.00000e+00  0.00000e+00
 -1.58  0.45390444  2.42524e-01  2.40333e-01  0.00000e+00  0.00000e+00
 -1.57  0.51134092  2.40911e-01  2.38460e-01  0.00000e+00  0.00000e+00
 -1.56  0.56846867  2.39626e-01  2.36917e-01  0.00000e+00  0.00000e+00
 -1.55  0.62536509  2.38667e-01  2.35700e-01  0.00000e+00  0.00000e+00
 -1.54  0.68210782  2.38030e-01  2.34805e-01  0.00000e+00  0.00000e+00
 -1.53  0.73877474  2.37714e-01  2.34228e-01  0.00000e+00  0.00000e+00
 -1.52  0.79544393  2.37721e-01  2.33969e-01  0.00000e+00  0.00000e+00
 -1.51  0.85219371  2.38052e-01  2.34029e-01  0.00000e+00  0.00000e+00
 -1.50  0.90910262  2.38711e-01  2.34410e-01  0.00000e+00  0.00000e+00
 -1.49  0.96624941  2.39704e-01  2.35116e-01  0.00000e+00  0.00000e+00
 -1.48  1.02371299  2.41039e-01  2.36154e-01  0.00000e+00  0.00000e+00
 -1.47  1.08157236  2.42724e-01  2.37530e-01  0.00000e+00  0.00000e+00
 -1.46  1.13990653  2.44771e-01  2.39254e-01  0.00000e+00  0.00000e+00
 -1.45  1.19879429  2.47194e-01  2.41338e-01  0.00000e+00  0.00000e+00
 -1.44  1.25831399  2.50008e-01  2.43795e-01  0.00000e+00  0.00000e+00
 -1.43  1.31854319  2.53232e-01  2.46641e-01  0.00000e+00  0.00000e+00
 -1.42  1.37955812  2.56886e-01  2.49895e-01  0.00000e+00  0.00000e+00
 -1.41  1.44143310  2.60994e-01  2.53577e-01  0.00000e+00  0.00000e+00
 -1.40  1.50423959  2.65583e-01  2.57711e-01  0.00000e+00  0.00000e+00
 -1.39  1.56804517  2.70683e-01  2.62325e-01  0.00000e+00  0.00000e+00
 -1.38  1.63291199  2.76329e-01  2.67450e-01  0.00000e+00  0.00000e+00
 -1.37  1.69889496  2.82559e-01  2.73119e-01  0.00000e+00  0.00000e+00
 -1.36  1.76603937  2.89416e-01  2.79371e-01  0.00000e+00  0.00000e+00
 -1.35  1.83437780  2.96949e-01  2.86251e-01  0.00000e+00  0.00000e+00
 -1.34  1.90392633  3.05211e-01  2.93806e-01  0.00000e+00  0.00000e+00
 -1.33  1.97467966  3.14261e-01  3.02090e-01  0.00000e+00  0.00000e+00
 -1.32  2.04660491  3.24168e-01  3.11165e-01  0.00000e+00  0.00000e+00
 -1.31  2.11963390  3.35004e-01  3.21097e-01  0.00000e+00  0.00000e+00
 -1.30  2.19365342  3.46851e-01  3.31960e-01  0.00000e+00  0.00000e+00
 -1.29  2.26849291  3.59800e-01  3.43838e-01  0.00000e+00  0.00000e+00
 -1.28  2.34390920  3.73950e-01  3.56821e-01  0.00000e+00  0.00000e+00
 -1.27  2.41956731  3.89409e-01  3.71010e-01  0.00000e+00  0.00000e+00
 -1.26  2.49501664  4.06293e-01  3.86512e-01  0.00000e+00  0.00000e+00
 -1.25  2.56966148  4.24729e-01  4.03448e-01  0.00000e+00  0.00000e+00
 -1.24  2.64272467  4.44849e-01  4.21942e-01  0.00000e+00  0.00000e+00
 -1.23  2.71320340  4.66790e-01  4.42129e-01  0.00000e+00  0.00000e+00
 -1.22  2.77981588  4.90689e-01  4.64147e-01  0.00000e+00  0.00000e+00
 -1.21  2.84093818  5.16680e-01  4.88134e-01  0.00000e+00  0.00000e+00
 -1.20  2.89453108  5.44880e-01  5.14224e-01  0.00000e+00  0.00000e+00
 -1.19  2.93805827  5.75378e-01  5.42534e-01  0.00000e+00  0.00000e+00
 -1.18  2.96839953  6.08221e-01  5.73153e-01  0.00000e+00  0.00000e+00
 -1.17  2.98176635  6.43381e-01  6.06123e-01  0.00000e+00  0.00000e+00
 -1.16  2.97363334  6.80731e-01  6.41415e-01  0.00000e+00  0.00000e+00
 -1.15  2.93870680  7.20003e-01  6.78894e-01  0.00000e+00  0.00000e+00
 -1.14  2.87096238  7.60742e-01  7.18280e-01  0.00000e+00  0.00000e+00
 -1.13  2.76379468  8.02256e-01  7.59103e-01  0.00000e+00  0.00000e+00
 -1.12  2.61033087  8.43573e-01  8.00653e-01  0.00000e+00  0.00000e+00
 -1.11  2.40395962  8.83408e-01  8.41932e-01  0.00000e+00  0.00000e+00
 -1.10  2.13910787  9.20174e-01  8.81632e-01  0.00000e+00  0.00000e+00
 -1.09  1.81224822  9.52028e-01  9.18136e-01  0.00000e+00  0.00000e+00
 -1.08  1.42303569  9.76999e-01  9.49583e-01  0.00000e+00  0.00000e+00
 -1.07  0.97536365  9.93185e-01  9.73998e-01  0.00000e+00  0.00000e+00
 -1.06  0.47803529  9.98993e-01  9.89487e-01  0.00000e+00  0.00000e+00
 -1.05 -0.05527002  9.93399e-01  9.94498e-01  0.00000e+00  0.00000e+00
 -1.04 -0.60693940  9.76142e-01  9.88063e-01  0.00000e+00  0.00000e+00
 -1.03 -1.15723054  9.47803e-01  9.69997e-01  0.00000e+00  0.00000e+00
 -1.02 -1.68659127  9.09743e-01  9.40956e-01  0.00000e+00  0.00000e+00
 -1.01 -2.17794849  8.63897e-01  9.02366e-01  0.00000e+00  0.00000e+00
 -1.00 -2.61843053  8.12510e-01  8.56204e-01  0.00000e+00  0.00000e+00
 -0.99 -3.00020264  7.57846e-01  8.04726e-01  0.00000e+00  0.00000e+00
 -0.98 -3.32039737  7.01970e-01  7.50187e-01  0.00000e+00  0.00000e+00
 -0.97 -3.58036646  6.46600e-01  6.94621e-01  0.00000e+00  0.00000e+00
 -0.96 -3.78458523  5.93050e-01  6.39705e-01  0.00000e+00  0.00000e+00
 -0.95 -3.93951346  5.42236e-01  5.86711e-01  0.00000e+00  0.00000e+00
 -0.94 -4.05261729  4.94725e-01  5.36517e-01  0.00000e+00  0.00000e+00
 -0.93 -4.13164798  4.50802e-01  4.89658e-01  0.00000e+00  0.00000e+00
 -0.92 -4.18419238  4.10541e-01  4.46397e-01  0.00000e+00  0.00000e+00
 -0.91 -4.21746755  3.73867e-01  4.06791e-01  0.00000e+00  0.00000e+00
 -0.90 -4.23832238  3.40607e-01  3.70757e-01  0.00000e+00  0.00000e+00
 -0.89 -4.25342466  3.10529e-01  3.38118e-01  0.00000e+00  0.00000e+00
 -0.88 -4.26965035  2.83370e-01  3.08647e-01  0.00000e+00  0.00000e+00
 -0.87 -4.29476251  2.58856e-01  2.82088e-01  0.00000e+00  0.00000e+00
 -0.86 -4.33861349  2.36708e-01  2.58179e-01  0.00000e+00  0.00000e+00
 -0.85 -4.41544790  2.16649e-01  2.36664e-01  0.00000e+00  0.00000e+00
 -0.84 -4.54882326  1.98393e-01  2.17302e-01  0.00000e+00  0.00000e+00
 -0.83 -4.78367505  1.81618e-01  1.99867e-01  0.00000e+00  0.00000e+00
 -0.82 -5.22191022  1.65875e-01  1.84153e-01  0.00000e+00  0.00000e+00
 -0.81 -6.16161638  1.50244e-01  1.69975e-01  0.00000e+00  0.00000e+00
 -0.80 -9.02439885  1.31148e-01  1.57166e-01  0.00000e+00  0.00000e+00
 -0.79 -54.39065237  4.30057e-02  1.45577e-01  0.00000e+00  0.00000e+00
 -0.78  3.87983016  1.45980e-01  1.35076e-01  0.00000e+00  0.00000e+00
 -0.77  0.51002256  1.26832e-01  1.25545e-01  0.00000e+00  0.00000e+00
 -0.76 -0.53030984  1.15648e-01  1.16881e-01  0.00000e+00  0.00000e+00
 -0.75 -1.01075868  1.06810e-01  1.08991e-01  0.00000e+00  0.00000e+00
 -0.74 -1.27185639  9.92380e-02  1.01795e-01  0.00000e+00  0.00000e+00
 -0.73 -1.42524121  9.25439e-02  9.52200e-02  0.00000e+00  0.00000e+00
 -0.72 -1.51828484  8.65349e-02  8.92031e-02  0.00000e+00  0.00000e+00
 -0.71 -1.57450123  8.10932e-02  8.36877e-02  0.00000e+00  0.00000e+00
 -0.70 -1.60686994  7.61372e-02  7.86240e-02  0.00000e+00  0.00000e+00
 -0.69 -1.62312724  7.16048e-02  7.39676e-02  0.00000e+00  0.00000e+00
 -0.68 -1.62815891  6.74466e-02  6.96792e-02  0.00000e+00  0.00000e+00
 -0.67 -1.62519247  6.36217e-02  6.57238e-02  0.00000e+00  0.00000e+00
 -0.66 -1.61643743  6.00953e-02  6.20700e-02  0.00000e+00  0.00000e+00
 -0.65 -1.60345059  5.68377e-02  5.86902e-02  0.00000e+00  0.00000e+00
 -0.64 -1.58735482  5.38230e-02  5.55593e-02  0.00000e+00  0.00000e+00
 -0.63 -1.56897578  5.10283e-02  5.26551e-02  0.00000e+00  0.00000e+00
 -0.62 -1.54893028  4.84336e-02  4.99576e-02  0.00000e+00  0.00000e+00
 -0.61 -1.52768509  4.60210e-02  4.74489e-02  0.00000e+00  0.00000e+00
 -0.60 -1.50559726  4.37746e-02  4.51129e-02  0.00000e+00  0.00000e+00
 -0.59 -1.48294220  4.16802e-02  4.29350e-02  0.00000e+00  0.00000e+00
 -0.58 -1.45993378  3.97251e-02  4.09022e-02  0.00000e+00  0.00000e+00
 -0.57 -1.43673888  3.78977e-02  3.90025e-02  0.00000e+00  0.00000e+00
 -0.56 -1.41348811  3.61877e-02  3.72254e-02  0.00000e+00  0.00000e+00
 -0.55 -1.39028388  3.45858e-02  3.55611e-02  0.00000e+00  0.00000e+00
 -0.54 -1.36720642  3.30836e-02  3.40007e-02  0.00000e+00  0.00000e+00
 -0.53 -1.34431842  3.16732e-02  3.25364e-02  0.00000e+00  0.00000e+00
 -0.52 -1.32166868  3.03479e-02  3.11609e-02  0.00000e+00  0.00000e+00
 -0.51 -1.29929482  2.91012e-02  2.98674e-02  0.00000e+00  0.00000e+00
 -0.50 -1.27722554  2.79274e-02  2.86501e-02  0.00000e+00  0.00000e+00
 -0.49 -1.25548233  2.68212e-02  2.75033e-02  0.00000e+00  0.00000e+00
 -0.48 -1.23408085  2.57778e-02  2.64220e-02  0.00000e+00  0.00000e+00
 -0.47 -1.21303207  2.47927e-02  2.54016e-02  0.00000e+00  0.00000e+00
 -0.46 -1.19234313  2.38620e-02  2.44379e-02  0.00000e+00  0.00000e+00
 -0.45 -1.17201807  2.29818e-02  2.35269e-02  0.00000e+00  0.00000e+00
 -0.44 -1.15205843  2.21489e-02  2.26652e-02  0.00000e+00  0.00000e+00
 -0.43 -1.13246373  2.13600e-02  2.18493e-02  0.00000e+00  0.00000e+00
 -0.42 -1.11323184  2.06123e-02  2.10764e-02  0.00000e+00  0.00000e+00
 -0.41 -1.09435933  1.99031e-02  2.03435e-02  0.00000e+00  0.00000e+00
 -0.40 -1.07584171  1.92299e-02  1.96482e-02  0.00000e+00  0.00000e+00
 -0.39 -1.05767366  1.85906e-02  1.89880e-02  0.00000e+00  0.00000e+00
 -0.38 -1.03984921  1.79829e-02  1.83608e-02  0.00000e+00  0.00000e+00
 -0.37 -1.02236190  1.74049e-02  1.77645e-02  0.00000e+00  0.00000e+00
 -0.36 -1.00520487  1.68549e-02  1.71972e-02  0.00000e+00  0.00000e+00
 -0.35 -0.98837099  1.63312e-02  1.66572e-02  0.00000e+00  0.00000e+00
 -0.34 -0.97185293  1.58321e-02  1.61429e-02  0.00000e+00  0.00000e+00
 -0.33 -0.95564326  1.53564e-02  1.56527e-02  0.00000e+00  0.00000e+00
 -0.32 -0.93973445  1.49025e-02  1.51852e-02  0.00000e+00  0.00000e+00
 -0.31 -0.92411898  1.44693e-02  1.47392e-02  0.00000e+00  0.00000e+00
 -0.30 -0.90878931  1.40556e-02  1.43134e-02  0.00000e+00  0.00000e+00
 -0.29 -0.89373799  1.36604e-02  1.39068e-02  0.00000e+00  0.00000e+00
 -0.28 -0.87895762  1.32825e-02  1.35181e-02  0.00000e+00  0.00000e+00
 -0.27 -0.86444089  1.29211e-02  1.31465e-02  0.00000e+00  0.00000e+00
 -0.26 -0.85018063  1.25753e-02  1.27910e-02  0.00000e+00  0.00000e+00
 -0.25 -0.83616977  1.22442e-02  1.24507e-02  0.00000e+00  0.00000e+00
 -0.24 -0.82240138  1.19271e-02  1.21249e-02  0.00000e+00  0.00000e+00
 -0.23 -0.80886868  1.16233e-02  1.18129e-02  0.00000e+00  0.00000e+00
 -0.22 -0.79556502  1.13320e-02  1.15138e-02  0.00000e+00  0.00000e+00
 -0.21 -0.78248393  1.10526e-02  1.12270e-02  0.00000e+00  0.00000e+00
 -0.20 -0.76961906  1.07846e-02  1.09519e-02  0.00000e+00  0.00000e+00
 -0.19 -0.75696425  1.05273e-02  1.06879e-02  0.00000e+00  0.00000e+00
 -0.18 -0.74451345  1.02803e-02  1.04345e-02  0.00000e+00  0.00000e+00
 -0.17 -0.73226081  1.00430e-02  1.01912e-02  0.00000e+00  0.00000e+00
 -0.16 -0.72020060  9.81496e-03  9.95736e-03  0.00000e+00  0.00000e+00
 -0.15 -0.70832726  9.59575e-03  9.73266e-03  0.00000e+00  0.00000e+00
 -0.14 -0.69663537  9.38495e-03  9.51663e-03  0.00000e+00  0.00000e+00
 -0.13 -0.68511966  9.18217e-03  9.30886e-03  0.00000e+00  0.00000e+00
 -0.12 -0.67377500  8.98704e-03  9.10896e-03  0.00000e+00  0.00000e+00
 -0.11 -0.66259639  8.79920e-03  8.91659e-03  0.00000e+00  0.00000e+00
 -0.10 -0.65157899  8.61833e-03  8.73138e-03  0.00000e+00  0.00000e+00
 -0.09 -0.64071807  8.44412e-03  8.55303e-03  0.00000e+00  0.00000e+00
 -0.08 -0.63000904  8.27628e-03  8.38122e-03  0.00000e+00  0.00000e+00
 -0.07 -0.61944744  8.11451e-03  8.21567e-03  0.00000e+00  0.00000e+00
 -0.06 -0.60902892  7.95857e-03  8.05611e-03  0.00000e+00  0.00000e+00
 -0.05 -0.59874926  7.80820e-03  7.90227e-03  0.00000e+00  0.00000e+00
 -0.04 -0.58860435  7.66316e-03  7.75391e-03  0.00000e+00  0.00000e+00
 -0.03 -0.57859019  7.52323e-03  7.61080e-03  0.00000e+00  0.00000e+00
 -0.02 -0.56870288  7.38820e-03  7.47272e-03  0.00000e+00  0.00000e+00
 -0.01 -0.55893865  7.25787e-03  7.33946e-03  0.00000e+00  0.00000e+00
  0.00 -0.54929381  7.13204e-03  7.21082e-03  0.00000e+00  0.00000e+00
  0.01 -0.53976478  7.01053e-03  7.08662e-03  0.00000e+00  0.00000e+00
  0.02 -0.53034805  6.89318e-03  6.96668e-03  0.00000e+00  0.00000e+00
  0.03 -0.52104023  6.77981e-03  6.85083e-03  0.00000e+00  0.00000e+00
  0.04 -0.51183801  6.67027e-03  6.73890e-03  0.00000e+00  0.00000e+00
  0.05 -0.50273815  6.56441e-03  6.63075e-03  0.00000e+00  0.00000e+00
  0.06 -0.49373753  6.46210e-03  6.52623e-03  0.00000e+00  0.00000e+00
  0.07 -0.48483306  6.36319e-03  6.42520e-03  0.00000e+00  0.00000e+00
  0.08 -0.47602176  6.26757e-03  6.32752e-03  0.00000e+00  0.00000e+00
  0.09 -0.46730073  6.17510e-03  6.23308e-03  0.00000e+00  0.00000e+00
  0.10 -0.45866711  6.08568e-03  6.14176e-03  0.00000e+00  0.00000e+00
  0.11 -0.45011814  5.99919e-03  6.05344e-03  0.00000e+00  0.00000e+00
  0.12 -0.44165110  5.91552e-03  5.96801e-03  0.00000e+00  0.00000e+00
  0.13 -0.43326336  5.83458e-03  5.88536e-03  0.00000e+00  0.00000e+00
  0.14 -0.42495234  5.75628e-03  5.80541e-03  0.00000e+00  0.00000e+00
  0.15 -0.41671552  5.68051e-03  5.72805e-03  0.00000e+00  0.00000e+00
  0.16 -0.40855043  5.60720e-03  5.65321e-03  0.00000e+00  0.00000e+00
  0.17 -0.40045468  5.53626e-03  5.58078e-03  0.00000e+00  0.00000e+00
  0.18 -0.39242590  5.46761e-03  5.51069e-03  0.00000e+00  0.00000e+00
  0.19 -0.38446181  5.40117e-03  5.44286e-03  0.00000e+00  0.00000e+00
  0.20 -0.37656015  5.33687e-03  5.37722e-03  0.00000e+00  0.00000e+00
  0.21 -0.36871873  5.27465e-03  5.31369e-03  0.00000e+00  0.00000e+00
  0.22 -0.36093538  5.21443e-03  5.25221e-03  0.00000e+00  0.00000e+00
  0.23 -0.35320801  5.15616e-03  5.19272e-03  0.00000e+00  0.00000e+00
  0.24 -0.34553454  5.09977e-03  5.13514e-03  0.00000e+00  0.00000e+00
  0.25 -0.33791295  5.04521e-03  5.07942e-03  0.00000e+00  0.00000e+00
  0.26 -0.33034127  4.99242e-03  5.02551e-03  0.00000e+00  0.00000e+00
  0.27 -0.32281755  4.94134e-03  4.97334e-03  0.00000e+00  0.00000e+00
  0.28 -0.31533988  4.89193e-03  4.92288e-03  0.00000e+00  0.00000e+00
  0.29 -0.30790640  4.84413e-03  4.87406e-03  0.00000e+00  0.00000e+00
  0.30 -0.30051528  4.79791e-03  4.82684e-03  0.00000e+00  0.00000e+00
  0.31 -0.29316471  4.75322e-03  4.78117e-03  0.00000e+00  0.00000e+00
  0.32 -0.28585294  4.71001e-03  4.73701e-03  0.00000e+00  0.00000e+00
  0.33 -0.27857822  4.66824e-03  4.69433e-03  0.00000e+00  0.00000e+00
  0.34 -0.27133887  4.62789e-03  4.65307e-03  0.00000e+00  0.00000e+00
  0.35 -0.26413319  4.58889e-03  4.61320e-03  0.00000e+00  0.00000e+00
  0.36 -0.25695957  4.55123e-03  4.57468e-03  0.00000e+00  0.00000e+00
  0.37 -0.24981636  4.51487e-03  4.53749e-03  0.00000e+00  0.00000e+00
  0.38 -0.24270200  4.47978e-03  4.50157e-03  0.00000e+00  0.00000e+00
  0.39 -0.23561492  4.44592e-03  4.46692e-03  0.00000e+00  0.00000e+00
  0.40 -0.22855358  4.41326e-03  4.43348e-03  0.00000e+00  0.00000e+00
  0.41 -0.22151647  4.38178e-03  4.40123e-03  0.00000e+00  0.00000e+00
  0.42 -0.21450210  4.35145e-03  4.37015e-03  0.00000e+00  0.00000e+00
  0.43 -0.20750901  4.32224e-03  4.34021e-03  0.00000e+00  0.00000e+00
  0.44 -0.20053576  4.29412e-03  4.31138e-03  0.00000e+00  0.00000e+00
  0.45 -0.19358093  4.26709e-03  4.28364e-03  0.00000e+00  0.00000e+00
  0.46 -0.18664312  4.24110e-03  4.25696e-03  0.00000e+00  0.00000e+00
  0.47 -0.17972096  4.21614e-03  4.23132e-03  0.00000e+00  0.00000e+00
  0.48 -0.17281309  4.19219e-03  4.20670e-03  0.00000e+00  0.00000e+00
  0.49 -0.16591817  4.16923e-03  4.18308e-03  0.00000e+00  0.00000e+00
  0.50 -0.15903490  4.14723e-03  4.16044e-03  0.00000e+00  0.00000e+00
  0.51 -0.15216197  4.12619e-03  4.13876e-03  0.00000e+00  0.00000e+00
  0.52 -0.14529811  4.10608e-03  4.11803e-03  0.00000e+00  0.00000e+00
  0.53 -0.13844206  4.08689e-03  4.09822e-03  0.00000e+00  0.00000e+00
  0.54 -0.13159258  4.06860e-03  4.07932e-03  0.00000e+00  0.00000e+00
  0.55 -0.12474845  4.05120e-03  4.06132e-03  0.00000e+00  0.00000e+00
  0.56 -0.11790847  4.03467e-03  4.04419e-03  0.00000e+00  0.00000e+00
  0.57 -0.11107145  4.01900e-03  4.02794e-03  0.00000e+00  0.00000e+00
  0.58 -0.10423623  4.00418e-03  4.01253e-03  0.00000e+00  0.00000e+00
  0.59 -0.09740167  3.99019e-03  3.99797e-03  0.00000e+00  0.00000e+00
  0.60 -0.09056664  3.97703e-03  3.98424e-03  0.00000e+00  0.00000e+00
  0.61 -0.08373001  3.96468e-03  3.97132e-03  0.00000e+00  0.00000e+00
  0.62 -0.07689072  3.95313e-03  3.95922e-03  0.00000e+00  0.00000e+00
  0.63 -0.07004768  3.94238e-03  3.94791e-03  0.00000e+00  0.00000e+00
  0.64 -0.06319985  3.93242e-03  3.93739e-03  0.00000e+00  0.00000e+00
  0.65 -0.05634619  3.92323e-03  3.92765e-03  0.00000e+00  0.00000e+00
  0.66 -0.04948570  3.91481e-03  3.91869e-03  0.00000e+00  0.00000e+00
  0.67 -0.04261738  3.90716e-03  3.91049e-03  0.00000e+00  0.00000e+00
  0.68 -0.03574027  3.90026e-03  3.90305e-03  0.00000e+00  0.00000e+00
  0.69 -0.02885343  3.89411e-03  3.89636e-03  0.00000e+00  0.00000e+00
  0.70 -0.02195594  3.88870e-03  3.89041e-03  0.00000e+00  0.00000e+00
  0.71 -0.01504691  3.88404e-03  3.88521e-03  0.00000e+00  0.00000e+00
  0.72 -0.00812546  3.88012e-03  3.88075e-03  0.00000e+00  0.00000e+00
  0.73 -0.00119076  3.87692e-03  3.87702e-03  0.00000e+00  0.00000e+00
  0.74  0.00575800  3.87446e-03  3.87401e-03  0.00000e+00  0.00000e+00
  0.75  0.01272159  3.87272e-03  3.87174e-03  0.00000e+00  0.00000e+00
  0.76  0.01970077  3.87171e-03  3.87018e-03  0.00000e+00  0.00000e+00
  0.77  0.02669625  3.87142e-03  3.86935e-03  0.00000e+00  0.00000e+00
  0.78  0.03370869  3.87185e-03  3.86924e-03  0.00000e+00  0.00000e+00
  0.79  0.04073873  3.87300e-03  3.86985e-03  0.00000e+00  0.00000e+00
  0.80  0.04778697  3.87488e-03  3.87118e-03  0.00000e+00  0.00000e+00
  0.81  0.05485394  3.87747e-03  3.87322e-03  0.00000e+00  0.00000e+00
  0.82  0.06194014  3.88079e-03  3.87598e-03  0.00000e+00  0.00000e+00
  0.83  0.06904601  3.88482e-03  3.87946e-03  0.00000e+00  0.00000e+00
  0.84  0.07617195  3.88959e-03  3.88367e-03  0.00000e+00  0.00000e+00
  0.85  0.08331826  3.89508e-03  3.88859e-03  0.00000e+00  0.00000e+00
  0.86  0.09048522  3.90130e-03  3.89424e-03  0.00000e+00  0.00000e+00
  0.87  0.09767299  3.90825e-03  3.90062e-03  0.00000e+00  0.00000e+00
  0.88  0.10488170  3.91594e-03  3.90773e-03  0.00000e+00  0.00000e+00
  0.89  0.11211137  3.92437e-03  3.91558e-03  0.00000e+00  0.00000e+00
  0.90  0.11936192  3.93354e-03  3.92416e-03  0.00000e+00  0.00000e+00
  0.91  0.12663318  3.94347e-03  3.93349e-03  0.00000e+00  0.00000e+00
  0.92  0.13392488  3.95415e-03  3.94357e-03  0.00000e+00  0.00000e+00
  0.93  0.14123663  3.96559e-03  3.95441e-03  0.00000e+00  0.00000e+00
  0.94  0.14856789  3.97781e-03  3.96600e-03  0.00000e+00  0.00000e+00
  0.95  0.15591800  3.99080e-03  3.97837e-03  0.00000e+00  0.00000e+00
  0.96  0.16328614  4.00457e-03  3.99151e-03  0.00000e+00  0.00000e+00
  0.97  0.17067133  4.01914e-03  4.00544e-03  0.00000e+00  0.00000e+00
  0.98  0.17807238  4.03451e-03  4.02016e-03  0.00000e+00  0.00000e+00
  0.99  0.18548792  4.05069e-03  4.03569e-03  0.00000e+00  0.00000e+00
  1.00  0.19291635  4.06769e-03  4.05203e-03  0.00000e+00  0.00000e+00
  1.01  0.20035584  4.08553e-03  4.06919e-03  0.00000e+00  0.00000e+00
  1.02  0.20780426  4.10421e-03  4.08719e-03  0.00000e+00  0.00000e+00
  1.03  0.21525921  4.12374e-03  4.10603e-03  0.00000e+00  0.00000e+00
  1.04  0.22271795  4.14415e-03  4.12573e-03  0.00000e+00  0.00000e+00
  1.05  0.23017739  4.16543e-03  4.14630e-03  0.00000e+00  0.00000e+00
  1.06  0.23763403  4.18762e-03  4.16776e-03  0.00000e+00  0.00000e+00
  1.07  0.24508393  4.21071e-03  4.19012e-03  0.00000e+00  0.00000e+00
  1.08  0.25252266  4.23473e-03  4.21340e-03  0.00000e+00  0.00000e+00
  1.09  0.25994523  4.25969e-03  4.23760e-03  0.00000e+00  0.00000e+00
  1.10  0.26734607  4.28562e-03  4.26276e-03  0.00000e+00  0.00000e+00
  1.11  0.27471891  4.31251e-03  4.28888e-03  0.00000e+00  0.00000e+00
  1.12  0.28205673  4.34041e-03  4.31599e-03  0.00000e+00  0.00000e+00
  1.13  0.28935165  4.36932e-03  4.34411e-03  0.00000e+00  0.00000e+00
  1.14  0.29659486  4.39927e-03  4.37325e-03  0.00000e+00  0.00000e+00
  1.15  0.30377645  4.43027e-03  4.40343e-03  0.00000e+00  0.00000e+00
  1.16  0.31088534  4.46235e-03  4.43469e-03  0.00000e+00  0.00000e+00
  1.17  0.31790906  4.49553e-03  4.46704e-03  0.00000e+00  0.00000e+00
  1.18  0.32483361  4.52984e-03  4.50051e-03  0.00000e+00  0.00000e+00
  1.19  0.33164324  4.56530e-03  4.53512e-03  0.00000e+00  0.00000e+00
  1.20  0.33832022  4.60194e-03  4.57090e-03  0.00000e+00  0.00000e+00
  1.21  0.34484451  4.63978e-03  4.60789e-03  0.00000e+00  0.00000e+00
  1.22  0.35119350  4.67885e-03  4.64610e-03  0.00000e+00  0.00000e+00
  1.23  0.35734158  4.71919e-03  4.68558e-03  0.00000e+00  0.00000e+00
  1.24  0.36325969  4.76081e-03  4.72635e-03  0.00000e+00  0.00000e+00
  1.25  0.36891475  4.80377e-03  4.76845e-03  0.00000e+00  0.00000e+00
  1.26  0.37426907  4.84808e-03  4.81192e-03  0.00000e+00  0.00000e+00
  1.27  0.37927952  4.89378e-03  4.85680e-03  0.00000e+00  0.00000e+00
  1.28  0.38389661  4.94092e-03  4.90313e-03  0.00000e+00  0.00000e+00
  1.29  0.38806338  4.98952e-03  4.95094e-03  0.00000e+00  0.00000e+00
  1.30  0.39171398  5.03962e-03  5.00030e-03  0.00000e+00  0.00000e+00
  1.31  0.39477201  5.09128e-03  5.05124e-03  0.00000e+00  0.00000e+00
  1.32  0.39714838  5.14452e-03  5.10382e-03  0.00000e+00  0.00000e+00
  1.33  0.39873874  5.19940e-03  5.15810e-03  0.00000e+00  0.00000e+00
  1.34  0.39942018  5.25595e-03  5.21413e-03  0.00000e+00  0.00000e+00
  1.35  0.39904707  5.31424e-03  5.27200e-03  0.00000e+00  0.00000e+00
  1.36  0.39744572  5.37430e-03  5.33175e-03  0.00000e+00  0.00000e+00
  1.37  0.39440751  5.43620e-03  5.39348e-03  0.00000e+00  0.00000e+00
  1.38  0.38967986  5.49997e-03  5.45728e-03  0.00000e+00  0.00000e+00
  1.39  0.38295430  5.56569e-03  5.52323e-03  0.00000e+00  0.00000e+00
  1.40  0.37385036  5.63341e-03  5.59145e-03  0.00000e+00  0.00000e+00
  1.41  0.36189368  5.70319e-03  5.66206e-03  0.00000e+00  0.00000e+00
  1.42  0.34648557  5.77510e-03  5.73522e-03  0.00000e+00  0.00000e+00
  1.43  0.32685986  5.84920e-03  5.81108e-03  0.00000e+00  0.00000e+00
  1.44  0.30202065  5.92556e-03  5.88987e-03  0.00000e+00  0.00000e+00
  1.45  0.27064989  6.00425e-03  5.97184e-03  0.00000e+00  0.00000e+00
  1.46  0.23096663  6.08536e-03  6.05731e-03  0.00000e+00  0.00000e+00
  1.47  0.18050536  6.16895e-03  6.14672e-03  0.00000e+00  0.00000e+00
  1.48  0.11575369  6.25512e-03  6.24066e-03  0.00000e+00  0.00000e+00
  1.49  0.03153266  6.34395e-03  6.33995e-03  0.00000e+00  0.00000e+00
  1.50 -0.08012203  6.43552e-03  6.44584e-03  0.00000e+00  0.00000e+00
  1.51 -0.23211930  6.52994e-03  6.56032e-03  0.00000e+00  0.00000e+00
  1.52 -0.44684861  6.62729e-03  6.68679e-03  0.00000e+00  0.00000e+00
  1.53 -0.76682780  6.72769e-03  6.83167e-03  0.00000e+00  0.00000e+00
  1.54 -1.28384554  6.83124e-03  7.00892e-03  0.00000e+00  0.00000e+00
  1.55 -2.23927640  6.93804e-03  7.25589e-03  0.00000e+00  0.00000e+00
  1.56 -4.53633645  7.04823e-03  7.71808e-03  0.00000e+00  0.00000e+00
  1.57 -16.72870713  7.16192e-03  1.00395e-02  0.00000e+00  0.00000e+00
  1.58 15.48710644  7.27923e-03  5.32691e-03  0.00000e+00  0.00000e+00
  1.59  6.49754967  7.40031e-03  6.49730e-03  0.00000e+00  0.00000e+00
  1.60  4.46467905  7.52529e-03  6.88205e-03  0.00000e+00  0.00000e+00
  1.61  3.58424976  7.65432e-03  7.12460e-03  0.00000e+00  0.00000e+00
  1.62  3.10043035  7.78755e-03  7.31917e-03  0.00000e+00  0.00000e+00
  1.63  2.79975272  7.92514e-03  7.49346e-03  0.00000e+00  0.00000e+00
  1.64  2.59874852  8.06727e-03  7.65859e-03  0.00000e+00  0.00000e+00
  1.65  2.45808598  8.21411e-03  7.81998e-03  0.00000e+00  0.00000e+00
  1.66  2.35681078  8.36584e-03  7.98059e-03  0.00000e+00  0.00000e+00
  1.67  2.28273989  8.52266e-03  8.14225e-03  0.00000e+00  0.00000e+00
  1.68  2.22831026  8.68478e-03  8.30617e-03  0.00000e+00  0.00000e+00
  1.69  2.18858130  8.85240e-03  8.47322e-03  0.00000e+00  0.00000e+00
  1.70  2.16019133  9.02576e-03  8.64406e-03  0.00000e+00  0.00000e+00
  1.71  2.14077571  9.20509e-03  8.81923e-03  0.00000e+00  0.00000e+00
  1.72  2.12862464  9.39064e-03  8.99919e-03  0.00000e+00  0.00000e+00
  1.73  2.12247301  9.58266e-03  9.18434e-03  0.00000e+00  0.00000e+00
  1.74  2.12136637  9.78145e-03  9.37507e-03  0.00000e+00  0.00000e+00
  1.75  2.12457263  9.98728e-03  9.57173e-03  0.00000e+00  0.00000e+00
  1.76  2.13152245  1.02005e-02  9.77468e-03  0.00000e+00  0.00000e+00
  1.77  2.14176779  1.04213e-02  9.98426e-03  0.00000e+00  0.00000e+00
  1.78  2.15495265  1.06502e-02  1.02008e-02  0.00000e+00  0.00000e+00
  1.79  2.17079198  1.08874e-02  1.04247e-02  0.00000e+00  0.00000e+00
  1.80  2.18905610  1.11333e-02  1.06564e-02  0.00000e+00  0.00000e+00
  1.81  2.20955925  1.13884e-02  1.08960e-02  0.00000e+00  0.00000e+00
  1.82  2.23215082  1.16531e-02  1.11442e-02  0.00000e+00  0.00000e+00
  1.83  2.25670871  1.19277e-02  1.14013e-02  0.00000e+00  0.00000e+00
  1.84  2.28313423  1.22129e-02  1.16676e-02  0.00000e+00  0.00000e+00
  1.85  2.31134804  1.25089e-02  1.19437e-02  0.00000e+00  0.00000e+00
  1.86  2.34128706  1.28165e-02  1.22301e-02  0.00000e+00  0.00000e+00
  1.87  2.37290191  1.31360e-02  1.25271e-02  0.00000e+00  0.00000e+00
  1.88  2.40615495  1.34682e-02  1.28353e-02  0.00000e+00  0.00000e+00
  1.89  2.44101869  1.38136e-02  1.31553e-02  0.00000e+00  0.00000e+00
  1.90  2.47747446  1.41730e-02  1.34877e-02  0.00000e+00  0.00000e+00
  1.91  2.51551140  1.45468e-02  1.38329e-02  0.00000e+00  0.00000e+00
  1.92  2.55512561  1.49361e-02  1.41918e-02  0.00000e+00  0.00000e+00
  1.93  2.59631941  1.53414e-02  1.45649e-02  0.00000e+00  0.00000e+00
  1.94  2.63910087  1.57636e-02  1.49530e-02  0.00000e+00  0.00000e+00
  1.95  2.68348327  1.62037e-02  1.53567e-02  0.00000e+00  0.00000e+00
  1.96  2.72948479  1.66625e-02  1.57770e-02  0.00000e+00  0.00000e+00
  1.97  2.77712820  1.71410e-02  1.62147e-02  0.00000e+00  0.00000e+00
  1.98  2.82644061  1.76404e-02  1.66706e-02  0.00000e+00  0.00000e+00
  1.99  2.87745334  1.81617e-02  1.71457e-02  0.00000e+00  0.00000e+00
  2.00  2.93020176  1.87061e-02  1.76411e-02  0.00000e+00  0.00000e+00
  2.01  2.98472519  1.92750e-02  1.81578e-02  0.00000e+00  0.00000e+00
  2.02  3.04106688  1.98698e-02  1.86969e-02  0.00000e+00  0.00000e+00
  2.03  3.09927394  2.04917e-02  1.92597e-02  0.00000e+00  0.00000e+00
  2.04  3.15939737  2.11425e-02  1.98475e-02  0.00000e+00  0.00000e+00
  2.05  3.22149208  2.18239e-02  2.04617e-02  0.00000e+00  0.00000e+00
  2.06  3.28561693  2.25375e-02  2.11036e-02  0.00000e+00  0.00000e+00
  2.07  3.35183481  2.32854e-02  2.17750e-02  0.00000e+00  0.00000e+00
  2.08  3.42021272  2.40695e-02  2.24775e-02  0.00000e+00  0.00000e+00
  2.09  3.49082189  2.48922e-02  2.32129e-02  0.00000e+00  0.00000e+00
  2.10  3.56373789  2.57557e-02  2.39831e-02  0.00000e+00  0.00000e+00
  2.11  3.63904078  2.66626e-02  2.47902e-02  0.00000e+00  0.00000e+00
  2.12  3.71681527  2.76156e-02  2.56363e-02  0.00000e+00  0.00000e+00
  2.13  3.79715089  2.86177e-02  2.65239e-02  0.00000e+00  0.00000e+00
  2.14  3.88014219  2.96721e-02  2.74554e-02  0.00000e+00  0.00000e+00
  2.15  3.96588892  3.07820e-02  2.84336e-02  0.00000e+00  0.00000e+00
  2.16  4.05449627  3.19514e-02  2.94614e-02  0.00000e+00  0.00000e+00
  2.17  4.14607508  3.31840e-02  3.05419e-02  0.00000e+00  0.00000e+00
  2.18  4.24074213  3.44842e-02  3.16784e-02  0.00000e+00  0.00000e+00
  2.19  4.33862032  3.58566e-02  3.28746e-02  0.00000e+00  0.00000e+00
  2.20  4.43983902  3.73063e-02  3.41344e-02  0.00000e+00  0.00000e+00
  2.21  4.54453427  3.88387e-02  3.54620e-02  0.00000e+00  0.00000e+00
  2.22  4.65284913  4.04596e-02  3.68619e-02  0.00000e+00  0.00000e+00
  2.23  4.76493391  4.21755e-02  3.83391e-02  0.00000e+00  0.00000e+00
  2.24  4.88094650  4.39934e-02  3.98987e-02  0.00000e+00  0.00000e+00
  2.25  5.00105264  4.59207e-02  4.15465e-02  0.00000e+00  0.00000e+00
  2.26  5.12542617  4.79658e-02  4.32886e-02  0.00000e+00  0.00000e+00
  2.27  5.25424937  5.01375e-02  4.51318e-02  0.00000e+00  0.00000e+00
  2.28  5.38771312  5.24457e-02  4.70834e-02  0.00000e+00  0.00000e+00
  2.29  5.52601715  5.49010e-02  4.91511e-02  0.00000e+00  0.00000e+00
  2.30  5.66937021  5.75151e-02  5.13435e-02  0.00000e+00  0.00000e+00
  2.31  5.81799016  6.03007e-02  5.36699e-02  0.00000e+00  0.00000e+00
  2.32  5.97210402  6.32718e-02  5.61404e-02  0.00000e+00  0.00000e+00
  2.33  6.13194787  6.64437e-02  5.87659e-02  0.00000e+00  0.00000e+00
  2.34  6.29776668  6.98331e-02  6.15584e-02  0.00000e+00  0.00000e+00
  2.35  6.46981393  7.34586e-02  6.45309e-02  0.00000e+00  0.00000e+00
  2.36  6.64835103  7.73403e-02  6.76976e-02  0.00000e+00  0.00000e+00
  2.37  6.83364653  8.15005e-02  7.10741e-02  0.00000e+00  0.00000e+00
  2.38  7.02597494  8.59638e-02  7.46772e-02  0.00000e+00  0.00000e+00
  2.39  7.22561521  9.07572e-02  7.85255e-02  0.00000e+00  0.00000e+00
  2.40  7.43284866  9.59106e-02  8.26392e-02  0.00000e+00  0.00000e+00
  2.41  7.64795641  1.01457e-01  8.70405e-02  0.00000e+00  0.00000e+00
  2.42  7.87121595  1.07432e-01  9.17536e-02  0.00000e+00  0.00000e+00
  2.43  8.10289686  1.13877e-01  9.68052e-02  0.00000e+00  0.00000e+00
  2.44  8.34325544  1.20835e-01  1.02224e-01  0.00000e+00  0.00000e+00
  2.45  8.59252796  1.28355e-01  1.08043e-01  0.00000e+00  0.00000e+00
  2.46  8.85092228  1.36493e-01  1.14296e-01  0.00000e+00  0.00000e+00
  2.47  9.11860746  1.45307e-01  1.21021e-01  0.00000e+00  0.00000e+00
  2.48  9.39570101  1.54863e-01  1.28262e-01  0.00000e+00  0.00000e+00
  2.49  9.68225321  1.65235e-01  1.36063e-01  0.00000e+00  0.00000e+00
  2.50  9.97822805  1.76503e-01  1.44475e-01  0.00000e+00  0.00000e+00
  2.51 10.28347995  1.88754e-01  1.53553e-01  0.00000e+00  0.00000e+00
  2.52 10.59772576  2.02085e-01  1.63357e-01  0.00000e+00  0.00000e+00
  2.53 10.92051096  2.16603e-01  1.73952e-01  0.00000e+00  0.00000e+00
  2.54 11.25116936  2.32420e-01  1.85409e-01  0.00000e+00  0.00000e+00
  2.55 11.58877530  2.49661e-01  1.97805e-01  0.00000e+00  0.00000e+00
  2.56 11.93208751  2.68458e-01  2.11222e-01  0.00000e+00  0.00000e+00
  2.57 12.27948380  2.88952e-01  2.25749e-01  0.00000e+00  0.00000e+00
  2.58 12.62888646  3.11288e-01  2.41480e-01  0.00000e+00  0.00000e+00
  2.59 12.97767840  3.35618e-01  2.58513e-01  0.00000e+00  0.00000e+00
  2.60 13.32261139  3.62090e-01  2.76953e-01  0.00000e+00  0.00000e+00
  2.61 13.65970944  3.90849e-01  2.96904e-01  0.00000e+00  0.00000e+00
  2.62 13.98417239  4.22025e-01  3.18473e-01  0.00000e+00  0.00000e+00
  2.63 14.29028857  4.55726e-01  3.41763e-01  0.00000e+00  0.00000e+00
  2.64 14.57136964  4.92022e-01  3.66870e-01  0.00000e+00  0.00000e+00
  2.65 14.81972610  5.30933e-01  3.93879e-01  0.00000e+00  0.00000e+00
  2.66 15.02670662  5.72409e-01  4.22854e-01  0.00000e+00  0.00000e+00
  2.67 15.18282278  6.16309e-01  4.53832e-01  0.00000e+00  0.00000e+00
  2.68 15.27795285  6.62385e-01  4.86812e-01  0.00000e+00  0.00000e+00
  2.69 15.30149330  7.10255e-01  5.21741e-01  0.00000e+00  0.00000e+00
  2.70 15.24181247  7.59372e-01  5.58504e-01  0.00000e+00  0.00000e+00
  2.71 15.08209464  8.08935e-01  5.96905e-01  0.00000e+00  0.00000e+00
  2.72 14.77775469  8.57455e-01  6.36658e-01  0.00000e+00  0.00000e+00
  2.73 14.11642420  9.00049e-01  6.77373e-01  0.00000e+00  0.00000e+00
  2.74 11.34569306  9.02462e-01  7.18547e-01  0.00000e+00  0.00000e+00
  2.75 -38.32397013  3.38676e-01  7.59566e-01  0.00000e+00  0.00000e+00
  2.76 -16.91755951  5.68280e-01  7.99711e-01  0.00000e+00  0.00000e+00
  2.77  0.81087916  8.51885e-01  8.38180e-01  0.00000e+00  0.00000e+00
  2.78  3.32245038  9.34198e-01  8.74118e-01  0.00000e+00  0.00000e+00
  2.79  3.40725835  9.70622e-01  9.06658e-01  0.00000e+00  0.00000e+00
  2.80  2.70037552  9.86876e-01  9.34978e-01  0.00000e+00  0.00000e+00
  2.81  1.64571687  9.90417e-01  9.58345e-01  0.00000e+00  0.00000e+00
  2.82  0.42628531  9.84525e-01  9.76167e-01  0.00000e+00  0.00000e+00
  2.83 -0.85722398  9.71227e-01  9.88022e-01  0.00000e+00  0.00000e+00
  2.84 -2.13714081  9.52087e-01  9.93670e-01  0.00000e+00  0.00000e+00
  2.85 -3.36119261  9.28447e-01  9.93032e-01  0.00000e+00  0.00000e+00
  2.86 -4.48331037  9.01491e-01  9.86118e-01  0.00000e+00  0.00000e+00
  2.87 -5.45420016  8.72253e-01  9.72891e-01  0.00000e+00  0.00000e+00
  2.88 -6.20297901  8.41621e-01  9.52937e-01  0.00000e+00  0.00000e+00
  2.89 -6.58455189  8.10331e-01  9.24567e-01  0.00000e+00  0.00000e+00
  2.90 -6.16519247  7.78981e-01  8.81343e-01  0.00000e+00  0.00000e+00
  2.91 -2.65975972  7.48037e-01  7.88916e-01  0.00000e+00  0.00000e+00
  2.92 65.63114007  7.17852e-01  1.48956e-01  0.00000e+00  0.00000e+00
  2.93 -16.02615886  6.88683e-01  9.51549e-01  0.00000e+00  0.00000e+00
  2.94 -15.42585519  6.60704e-01  9.01722e-01  0.00000e+00  0.00000e+00
  2.95 -15.13548818  6.34027e-01  8.60183e-01  0.00000e+00  0.00000e+00
  2.96 -15.10067269  6.08713e-01  8.25251e-01  0.00000e+00  0.00000e+00
  2.97 -15.16529471  5.84783e-01  7.93858e-01  0.00000e+00  0.00000e+00
  2.98 -15.26454155  5.62229e-01  7.64793e-01  0.00000e+00  0.00000e+00
  2.99 -15.37039974  5.41023e-01  7.37544e-01  0.00000e+00  0.00000e+00
=======    Accumulated Time Information    =======
Category ||| Time Per Call ||| Total Elapsed     
transmission ||| 74.01720 ||| 74.01720 
radical_transmission ||| 74.17341 ||| 74.17341 
Total Time in seconds: 107.51002
